<?xml version="1.0" encoding="utf-8" standalone="no"?>
<!--This file represents the results of running a test suite-->
<test-results name="C:\code\fubumvc.deployers\src\FubuMVC.Deployers.Testing\bin\Debug\FubuMVC.Deployers.Testing.dll" total="4" errors="0" failures="0" not-run="0" inconclusive="0" ignored="0" skipped="0" invalid="0" date="2012-05-20" time="11:36:19">
  <environment nunit-version="2.5.10.11092" clr-version="2.0.50727.5456" os-version="Microsoft Windows NT 6.1.7601 Service Pack 1" platform="Win32NT" cwd="C:\code\fubumvc.deployers" machine-name="SHADETREE" user="jeremy" user-domain="ShadeTree" />
  <culture-info current-culture="en-US" current-uiculture="en-US" />
  <test-suite type="Assembly" name="C:\code\fubumvc.deployers\src\FubuMVC.Deployers.Testing\bin\Debug\FubuMVC.Deployers.Testing.dll" executed="True" result="Success" success="True" time="0.736" asserts="0">
    <results>
      <test-suite type="Namespace" name="FubuMVC" executed="True" result="Success" success="True" time="0.732" asserts="0">
        <results>
          <test-suite type="Namespace" name="Deployers" executed="True" result="Success" success="True" time="0.732" asserts="0">
            <results>
              <test-suite type="Namespace" name="Testing" executed="True" result="Success" success="True" time="0.732" asserts="0">
                <results>
                  <test-suite type="TestFixture" name="FubuBottleDestinationTester" executed="True" result="Success" success="True" time="0.731" asserts="0">
                    <results>
                      <test-case name="FubuMVC.Deployers.Testing.FubuBottleDestinationTester.create_request_for_binaries" executed="True" result="Success" success="True" time="0.704" asserts="3" />
                      <test-case name="FubuMVC.Deployers.Testing.FubuBottleDestinationTester.create_request_for_config" executed="True" result="Success" success="True" time="0.000" asserts="3" />
                      <test-case name="FubuMVC.Deployers.Testing.FubuBottleDestinationTester.create_request_for_module" executed="True" result="Success" success="True" time="0.005" asserts="4" />
                      <test-case name="FubuMVC.Deployers.Testing.FubuBottleDestinationTester.create_requests_for_module" executed="True" result="Success" success="True" time="0.009" asserts="5" />
                    </results>
                  </test-suite>
                </results>
              </test-suite>
            </results>
          </test-suite>
        </results>
      </test-suite>
    </results>
  </test-suite>
</test-results>